[09:56:24] [info] HAZEL: Creating Window Hazel Editor (1600, 900)
[09:56:24] [info] HAZEL: OpenGL Info:
[09:56:24] [info] HAZEL:   Vendor: NVIDIA Corporation
[09:56:24] [info] HAZEL:   Renderer: NVIDIA GeForce RTX 3060 Ti/PCIe/SSE2
[09:56:24] [info] HAZEL:   Version: 4.6.0 NVIDIA 516.40
[09:56:24] [trace] HAZEL: OpenGLShader::Reflect - GL_VERTEX_SHADER assets/shaders/Renderer2D_Quad.glsl
[09:56:24] [trace] HAZEL:     1 uniform buffers
[09:56:24] [trace] HAZEL:     0 resources
[09:56:24] [trace] HAZEL: Uniform buffers:
[09:56:24] [trace] HAZEL:   _46_48
[09:56:24] [trace] HAZEL:     Size = 64
[09:56:24] [trace] HAZEL:     Binding = 0
[09:56:24] [trace] HAZEL:     Members = 1
[09:56:24] [trace] HAZEL: OpenGLShader::Reflect - GL_FRAGMENT_SHADER assets/shaders/Renderer2D_Quad.glsl
[09:56:24] [trace] HAZEL:     0 uniform buffers
[09:56:24] [trace] HAZEL:     1 resources
[09:56:24] [trace] HAZEL: Uniform buffers:
[09:56:24] [warning] HAZEL: Shader creation took 7.757801 ms
[09:56:24] [trace] HAZEL: OpenGLShader::Reflect - GL_VERTEX_SHADER assets/shaders/Renderer2D_Circle.glsl
[09:56:24] [trace] HAZEL:     1 uniform buffers
[09:56:24] [trace] HAZEL:     0 resources
[09:56:24] [trace] HAZEL: Uniform buffers:
[09:56:24] [trace] HAZEL:   _47_49
[09:56:24] [trace] HAZEL:     Size = 64
[09:56:24] [trace] HAZEL:     Binding = 0
[09:56:24] [trace] HAZEL:     Members = 1
[09:56:24] [trace] HAZEL: OpenGLShader::Reflect - GL_FRAGMENT_SHADER assets/shaders/Renderer2D_Circle.glsl
[09:56:24] [trace] HAZEL:     0 uniform buffers
[09:56:24] [trace] HAZEL:     0 resources
[09:56:24] [trace] HAZEL: Uniform buffers:
[09:56:24] [warning] HAZEL: Shader creation took 4.533301 ms
[09:56:35] [trace] HAZEL: Deserializing scene 'Untitled'
[09:56:35] [trace] HAZEL: Deserialized entity with ID = 10195259829932479246, name = Red Entity
[09:56:35] [trace] HAZEL: Deserialized entity with ID = 1557259867738437020, name = Green Entity
[09:56:35] [trace] HAZEL: Deserialized entity with ID = 17190768616082674187, name = CameraA
[09:57:40] [trace] HAZEL: Deserializing scene 'Untitled'
[09:57:40] [trace] HAZEL: Deserialized entity with ID = 9653741985522022831, name = Circle Entity
[09:57:40] [trace] HAZEL: Deserialized entity with ID = 17190768616082674187, name = CameraA
[09:57:40] [trace] HAZEL: Deserialized entity with ID = 1557259867738437020, name = Green Entity
[09:57:40] [trace] HAZEL: Deserialized entity with ID = 10195259829932479246, name = Red Entity
[09:58:06] [trace] HAZEL: Deserializing scene 'Untitled'
[09:58:06] [trace] HAZEL: Deserialized entity with ID = 10195259829932479246, name = Red Entity
[09:58:06] [trace] HAZEL: Deserialized entity with ID = 1557259867738437020, name = Green Entity
[09:58:06] [trace] HAZEL: Deserialized entity with ID = 17190768616082674187, name = CameraA
[09:58:06] [trace] HAZEL: Deserialized entity with ID = 9653741985522022831, name = Circle Entity
[09:58:22] [info] HAZEL: Terminating GLFW
